Build started 11/29/2017 7:17:54 AM.
     1>Project "F:\Cpp\Windows\Emballage\Emballage V2\Emballage V2.vcxproj" on node 2 (Build target(s)).
     1>ClCompile:
         C:\Program Files\Microsoft Visual Studio 12.0\VC\bin\CL.exe /c /I"F:\Cpp\Cross-Platform\Nakashi-Satomoto\Client\Nakashi-Satomoto\Nakashi-Satomoto\Librairies\CryptoPP" /Zi /nologo /W3 /WX- /sdl /O2 /Oi /Oy- /GL /D _MBCS /Gm- /EHsc /MT /GS /Gy /fp:precise /Zc:wchar_t /Zc:forScope /Fo"Release\\" /Fd"Release\vc120.pdb" /Gd /TP /analyze- /errorReport:prompt main.cpp
         main.cpp
     1>f:\cpp\windows\emballage\emballage v2\commande.h(25): warning C4018: '>' : signed/unsigned mismatch
     1>f:\cpp\windows\emballage\emballage v2\Cryptage.h(6): warning C4018: '<' : signed/unsigned mismatch
     1>f:\cpp\windows\emballage\emballage v2\emballage.h(44): warning C4800: 'BOOL' : forcing value to bool 'true' or 'false' (performance warning)
     1>f:\cpp\windows\emballage\emballage v2\emballage.h(64): warning C4101: 'e' : unreferenced local variable
     1>f:\cpp\windows\emballage\emballage v2\deballage.h(16): warning C4800: 'BOOL' : forcing value to bool 'true' or 'false' (performance warning)
     1>f:\cpp\windows\emballage\emballage v2\drk.h(36): warning C4800: 'BOOL' : forcing value to bool 'true' or 'false' (performance warning)
     1>f:\cpp\windows\emballage\emballage v2\drk.h(102): warning C4018: '<=' : signed/unsigned mismatch
       Link:
         C:\Program Files\Microsoft Visual Studio 12.0\VC\bin\link.exe /ERRORREPORT:PROMPT /OUT:"F:\Cpp\Windows\Emballage\Release\Emballage.exe" /NOLOGO /LIBPATH:"F:\Cpp\Cross-Platform\Nakashi-Satomoto\Client\Nakashi-Satomoto\Nakashi-Satomoto\Librairies\CryptoPP\Win32\Output\Release" cryptlib.lib kernel32.lib user32.lib gdi32.lib winspool.lib comdlg32.lib advapi32.lib shell32.lib ole32.lib oleaut32.lib uuid.lib odbc32.lib odbccp32.lib /MANIFEST /MANIFESTUAC:"level='asInvoker' uiAccess='false'" /manifest:embed /DEBUG /PDB:"F:\Cpp\Windows\Emballage\Release\Emballage.pdb" /OPT:REF /OPT:ICF /LTCG /TLBID:1 /DYNAMICBASE /NXCOMPAT /IMPLIB:"F:\Cpp\Windows\Emballage\Release\Emballage.lib" /MACHINE:X86 /SAFESEH Release\res.res
         Release\main.obj
         Generating code
         Finished generating code
         Emballage V2.vcxproj -> F:\Cpp\Windows\Emballage\Release\Emballage.exe
     1>Done Building Project "F:\Cpp\Windows\Emballage\Emballage V2\Emballage V2.vcxproj" (Build target(s)).

Build succeeded.

Time Elapsed 00:00:04.59
